{
"contracts/NFTDutchAuction_ERC20Bids.sol":{"l":{"23":9,"24":8,"35":1,"36":1,"37":1,"38":1,"39":1,"43":1,"44":1,"46":1,"47":1,"49":1,"53":8,"57":7,"62":6,"66":5,"71":4,"72":4,"73":4,"77":16,"78":16,"82":4,"83":4,"84":4},"path":"/home/ubt/DutchAuctionDApp/v3.0/contracts/NFTDutchAuction_ERC20Bids.sol","s":{"1":9,"2":8,"3":7,"4":6,"5":5,"6":4,"7":4,"8":16,"9":16,"10":4,"11":4},"b":{"1":[8,1],"2":[8,1],"3":[7,1],"4":[6,1],"5":[5,1],"6":[4,1]},"f":{"1":9,"2":1,"3":8,"4":16,"5":4},"fnMap":{"1":{"name":"isOpenning","line":22,"loc":{"start":{"line":22,"column":4},"end":{"line":25,"column":4}}},"2":{"name":"constructor","line":27,"loc":{"start":{"line":27,"column":4},"end":{"line":50,"column":4}}},"3":{"name":"bid","line":52,"loc":{"start":{"line":52,"column":4},"end":{"line":74,"column":4}}},"4":{"name":"currentPrice","line":76,"loc":{"start":{"line":76,"column":4},"end":{"line":79,"column":4}}},"5":{"name":"finalize","line":81,"loc":{"start":{"line":81,"column":4},"end":{"line":85,"column":4}}}},"statementMap":{"1":{"start":{"line":23,"column":8},"end":{"line":23,"column":45}},"2":{"start":{"line":53,"column":8},"end":{"line":53,"column":1499}},"3":{"start":{"line":57,"column":8},"end":{"line":57,"column":1619}},"4":{"start":{"line":62,"column":8},"end":{"line":62,"column":1748}},"5":{"start":{"line":66,"column":8},"end":{"line":66,"column":1930}},"6":{"start":{"line":72,"column":8},"end":{"line":72,"column":31}},"7":{"start":{"line":73,"column":8},"end":{"line":73,"column":21}},"8":{"start":{"line":77,"column":8},"end":{"line":77,"column":57}},"9":{"start":{"line":78,"column":8},"end":{"line":78,"column":65}},"10":{"start":{"line":83,"column":8},"end":{"line":83,"column":65}},"11":{"start":{"line":84,"column":8},"end":{"line":84,"column":70}}},"branchMap":{"1":{"line":23,"type":"if","locations":[{"start":{"line":23,"column":8},"end":{"line":23,"column":8}},{"start":{"line":23,"column":8},"end":{"line":23,"column":8}}]},"2":{"line":52,"type":"if","locations":[{"start":{"line":52,"column":48},"end":{"line":52,"column":48}},{"start":{"line":52,"column":48},"end":{"line":52,"column":48}}]},"3":{"line":53,"type":"if","locations":[{"start":{"line":53,"column":8},"end":{"line":53,"column":8}},{"start":{"line":53,"column":8},"end":{"line":53,"column":8}}]},"4":{"line":57,"type":"if","locations":[{"start":{"line":57,"column":8},"end":{"line":57,"column":8}},{"start":{"line":57,"column":8},"end":{"line":57,"column":8}}]},"5":{"line":62,"type":"if","locations":[{"start":{"line":62,"column":8},"end":{"line":62,"column":8}},{"start":{"line":62,"column":8},"end":{"line":62,"column":8}}]},"6":{"line":66,"type":"if","locations":[{"start":{"line":66,"column":8},"end":{"line":66,"column":8}},{"start":{"line":66,"column":8},"end":{"line":66,"column":8}}]}}},
"contracts/NFTMinter.sol":{"l":{},"path":"/home/ubt/DutchAuctionDApp/v3.0/contracts/NFTMinter.sol","s":{},"b":{},"f":{"1":1},"fnMap":{"1":{"name":"constructor","line":11,"loc":{"start":{"line":6,"column":4},"end":{"line":12,"column":5}}}},"statementMap":{},"branchMap":{}},
"contracts/TUSDFaucet.sol":{"l":{"9":1,"13":2},"path":"/home/ubt/DutchAuctionDApp/v3.0/contracts/TUSDFaucet.sol","s":{"1":1,"2":2},"b":{},"f":{"1":1,"2":2},"fnMap":{"1":{"name":"constructor","line":8,"loc":{"start":{"line":8,"column":4},"end":{"line":10,"column":4}}},"2":{"name":"mint","line":12,"loc":{"start":{"line":12,"column":4},"end":{"line":14,"column":4}}}},"statementMap":{"1":{"start":{"line":9,"column":8},"end":{"line":9,"column":51}},"2":{"start":{"line":13,"column":8},"end":{"line":13,"column":24}}},"branchMap":{}}}
