TN:
SF:/home/ubt/DutchAuctionDApp/v3.0/contracts/NFTDutchAuction_ERC20Bids.sol
FN:22,isOpenning
FN:27,constructor
FN:52,bid
FN:76,currentPrice
FN:81,finalize
FNF:5
FNH:5
FNDA:9,isOpenning
FNDA:1,constructor
FNDA:8,bid
FNDA:16,currentPrice
FNDA:4,finalize
DA:23,9
DA:24,8
DA:35,1
DA:36,1
DA:37,1
DA:38,1
DA:39,1
DA:43,1
DA:44,1
DA:46,1
DA:47,1
DA:49,1
DA:53,8
DA:57,7
DA:62,6
DA:66,5
DA:71,4
DA:72,4
DA:73,4
DA:77,16
DA:78,16
DA:82,4
DA:83,4
DA:84,4
LF:24
LH:24
BRDA:23,1,0,8
BRDA:23,1,1,1
BRDA:52,2,0,8
BRDA:52,2,1,1
BRDA:53,3,0,7
BRDA:53,3,1,1
BRDA:57,4,0,6
BRDA:57,4,1,1
BRDA:62,5,0,5
BRDA:62,5,1,1
BRDA:66,6,0,4
BRDA:66,6,1,1
BRF:12
BRH:12
end_of_record
TN:
SF:/home/ubt/DutchAuctionDApp/v3.0/contracts/NFTMinter.sol
FN:11,constructor
FNF:1
FNH:1
FNDA:1,constructor
LF:0
LH:0
BRF:0
BRH:0
end_of_record
TN:
SF:/home/ubt/DutchAuctionDApp/v3.0/contracts/TUSDFaucet.sol
FN:8,constructor
FN:12,mint
FNF:2
FNH:2
FNDA:1,constructor
FNDA:2,mint
DA:9,1
DA:13,2
LF:2
LH:2
BRF:0
BRH:0
end_of_record
