{
"contracts/BasicDutchAuction.sol":{"l":{"18":7,"19":6,"27":1,"28":1,"29":1,"30":1,"31":1,"32":1,"33":1,"37":6,"38":5,"39":4,"41":3,"42":3,"43":3,"47":9,"48":9,"52":3,"54":3},"path":"/home/ubt/DutchAuctionDApp/v1.0/contracts/BasicDutchAuction.sol","s":{"1":7,"2":6,"3":5,"4":4,"5":3,"6":3,"7":9,"8":9,"9":3},"b":{"1":[6,1],"2":[6,1],"3":[5,1],"4":[4,1],"5":[3,1]},"f":{"1":7,"2":1,"3":6,"4":9,"5":3},"fnMap":{"1":{"name":"isOpenning","line":17,"loc":{"start":{"line":17,"column":4},"end":{"line":20,"column":4}}},"2":{"name":"constructor","line":22,"loc":{"start":{"line":22,"column":4},"end":{"line":34,"column":4}}},"3":{"name":"bid","line":36,"loc":{"start":{"line":36,"column":4},"end":{"line":44,"column":4}}},"4":{"name":"currentPrice","line":46,"loc":{"start":{"line":46,"column":4},"end":{"line":49,"column":4}}},"5":{"name":"finalize","line":51,"loc":{"start":{"line":51,"column":4},"end":{"line":56,"column":4}}}},"statementMap":{"1":{"start":{"line":18,"column":8},"end":{"line":18,"column":45}},"2":{"start":{"line":37,"column":8},"end":{"line":37,"column":83}},"3":{"start":{"line":38,"column":8},"end":{"line":38,"column":89}},"4":{"start":{"line":39,"column":8},"end":{"line":39,"column":91}},"5":{"start":{"line":42,"column":8},"end":{"line":42,"column":31}},"6":{"start":{"line":43,"column":8},"end":{"line":43,"column":21}},"7":{"start":{"line":47,"column":8},"end":{"line":47,"column":57}},"8":{"start":{"line":48,"column":8},"end":{"line":48,"column":65}},"9":{"start":{"line":54,"column":8},"end":{"line":54,"column":41}}},"branchMap":{"1":{"line":18,"type":"if","locations":[{"start":{"line":18,"column":8},"end":{"line":18,"column":8}},{"start":{"line":18,"column":8},"end":{"line":18,"column":8}}]},"2":{"line":36,"type":"if","locations":[{"start":{"line":36,"column":34},"end":{"line":36,"column":34}},{"start":{"line":36,"column":34},"end":{"line":36,"column":34}}]},"3":{"line":37,"type":"if","locations":[{"start":{"line":37,"column":8},"end":{"line":37,"column":8}},{"start":{"line":37,"column":8},"end":{"line":37,"column":8}}]},"4":{"line":38,"type":"if","locations":[{"start":{"line":38,"column":8},"end":{"line":38,"column":8}},{"start":{"line":38,"column":8},"end":{"line":38,"column":8}}]},"5":{"line":39,"type":"if","locations":[{"start":{"line":39,"column":8},"end":{"line":39,"column":8}},{"start":{"line":39,"column":8},"end":{"line":39,"column":8}}]}}}}
