TN:
SF:/home/ubt/DutchAuctionDApp/v1.0/contracts/BasicDutchAuction.sol
FN:17,isOpenning
FN:22,constructor
FN:36,bid
FN:46,currentPrice
FN:51,finalize
FNF:5
FNH:5
FNDA:7,isOpenning
FNDA:1,constructor
FNDA:6,bid
FNDA:9,currentPrice
FNDA:3,finalize
DA:18,7
DA:19,6
DA:27,1
DA:28,1
DA:29,1
DA:30,1
DA:31,1
DA:32,1
DA:33,1
DA:37,6
DA:38,5
DA:39,4
DA:41,3
DA:42,3
DA:43,3
DA:47,9
DA:48,9
DA:52,3
DA:54,3
LF:19
LH:19
BRDA:18,1,0,6
BRDA:18,1,1,1
BRDA:36,2,0,6
BRDA:36,2,1,1
BRDA:37,3,0,5
BRDA:37,3,1,1
BRDA:38,4,0,4
BRDA:38,4,1,1
BRDA:39,5,0,3
BRDA:39,5,1,1
BRF:10
BRH:10
end_of_record
