{
"contracts/NewImplementation.sol":{"l":{"8":1},"path":"/home/ubt/DutchAuctionDApp/v5.0/contracts/NewImplementation.sol","s":{"1":1},"b":{},"f":{"1":1},"fnMap":{"1":{"name":"getVersion","line":7,"loc":{"start":{"line":7,"column":4},"end":{"line":9,"column":4}}}},"statementMap":{"1":{"start":{"line":8,"column":8},"end":{"line":8,"column":16}}},"branchMap":{}},
"contracts/NFTDutchAuction_Upgradable.sol":{"l":{"32":10,"33":9,"44":2,"45":2,"46":2,"47":2,"48":2,"52":2,"53":2,"55":2,"56":2,"58":2,"60":2,"61":2,"65":9,"69":8,"73":7,"78":6,"82":5,"87":4,"88":4,"89":4,"93":16,"94":16,"99":4,"101":4,"103":4},"path":"/home/ubt/DutchAuctionDApp/v5.0/contracts/NFTDutchAuction_Upgradable.sol","s":{"1":10,"2":2,"3":2,"4":9,"5":8,"6":7,"7":6,"8":5,"9":4,"10":4,"11":16,"12":16,"13":4,"14":4},"b":{"1":[9,1],"2":[2,1],"3":[9,1],"4":[8,1],"5":[7,1],"6":[6,1],"7":[5,1],"8":[4,1],"9":[1,1]},"f":{"1":10,"2":2,"3":9,"4":16,"5":4,"6":1},"fnMap":{"1":{"name":"isOpenning","line":31,"loc":{"start":{"line":31,"column":4},"end":{"line":34,"column":4}}},"2":{"name":"initialize","line":43,"loc":{"start":{"line":36,"column":4},"end":{"line":62,"column":4}}},"3":{"name":"bid","line":64,"loc":{"start":{"line":64,"column":4},"end":{"line":90,"column":4}}},"4":{"name":"currentPrice","line":92,"loc":{"start":{"line":92,"column":4},"end":{"line":95,"column":4}}},"5":{"name":"finalize","line":97,"loc":{"start":{"line":97,"column":4},"end":{"line":104,"column":4}}},"6":{"name":"_authorizeUpgrade","line":107,"loc":{"start":{"line":107,"column":4},"end":{"line":107,"column":69}}}},"statementMap":{"1":{"start":{"line":32,"column":8},"end":{"line":32,"column":45}},"2":{"start":{"line":60,"column":8},"end":{"line":60,"column":31}},"3":{"start":{"line":61,"column":8},"end":{"line":61,"column":23}},"4":{"start":{"line":65,"column":8},"end":{"line":65,"column":1933}},"5":{"start":{"line":69,"column":8},"end":{"line":69,"column":2053}},"6":{"start":{"line":73,"column":8},"end":{"line":73,"column":2179}},"7":{"start":{"line":78,"column":8},"end":{"line":78,"column":2308}},"8":{"start":{"line":82,"column":8},"end":{"line":82,"column":2490}},"9":{"start":{"line":88,"column":8},"end":{"line":88,"column":31}},"10":{"start":{"line":89,"column":8},"end":{"line":89,"column":21}},"11":{"start":{"line":93,"column":8},"end":{"line":93,"column":57}},"12":{"start":{"line":94,"column":8},"end":{"line":94,"column":65}},"13":{"start":{"line":101,"column":8},"end":{"line":101,"column":65}},"14":{"start":{"line":103,"column":8},"end":{"line":103,"column":70}}},"branchMap":{"1":{"line":32,"type":"if","locations":[{"start":{"line":32,"column":8},"end":{"line":32,"column":8}},{"start":{"line":32,"column":8},"end":{"line":32,"column":8}}]},"2":{"line":43,"type":"if","locations":[{"start":{"line":43,"column":13},"end":{"line":43,"column":13}},{"start":{"line":43,"column":13},"end":{"line":43,"column":13}}]},"3":{"line":64,"type":"if","locations":[{"start":{"line":64,"column":48},"end":{"line":64,"column":48}},{"start":{"line":64,"column":48},"end":{"line":64,"column":48}}]},"4":{"line":65,"type":"if","locations":[{"start":{"line":65,"column":8},"end":{"line":65,"column":8}},{"start":{"line":65,"column":8},"end":{"line":65,"column":8}}]},"5":{"line":69,"type":"if","locations":[{"start":{"line":69,"column":8},"end":{"line":69,"column":8}},{"start":{"line":69,"column":8},"end":{"line":69,"column":8}}]},"6":{"line":73,"type":"if","locations":[{"start":{"line":73,"column":8},"end":{"line":73,"column":8}},{"start":{"line":73,"column":8},"end":{"line":73,"column":8}}]},"7":{"line":78,"type":"if","locations":[{"start":{"line":78,"column":8},"end":{"line":78,"column":8}},{"start":{"line":78,"column":8},"end":{"line":78,"column":8}}]},"8":{"line":82,"type":"if","locations":[{"start":{"line":82,"column":8},"end":{"line":82,"column":8}},{"start":{"line":82,"column":8},"end":{"line":82,"column":8}}]},"9":{"line":107,"type":"if","locations":[{"start":{"line":107,"column":58},"end":{"line":107,"column":58}},{"start":{"line":107,"column":58},"end":{"line":107,"column":58}}]}}},
"contracts/NFTMinter.sol":{"l":{},"path":"/home/ubt/DutchAuctionDApp/v5.0/contracts/NFTMinter.sol","s":{},"b":{},"f":{"1":1},"fnMap":{"1":{"name":"constructor","line":11,"loc":{"start":{"line":6,"column":4},"end":{"line":12,"column":5}}}},"statementMap":{},"branchMap":{}},
"contracts/TUSDFaucet.sol":{"l":{"9":1,"13":2},"path":"/home/ubt/DutchAuctionDApp/v5.0/contracts/TUSDFaucet.sol","s":{"1":1,"2":2},"b":{},"f":{"1":1,"2":2},"fnMap":{"1":{"name":"constructor","line":8,"loc":{"start":{"line":8,"column":4},"end":{"line":10,"column":4}}},"2":{"name":"mint","line":12,"loc":{"start":{"line":12,"column":4},"end":{"line":14,"column":4}}}},"statementMap":{"1":{"start":{"line":9,"column":8},"end":{"line":9,"column":51}},"2":{"start":{"line":13,"column":8},"end":{"line":13,"column":24}}},"branchMap":{}}}
