TN:
SF:/home/ubt/DutchAuctionDApp/v5.0/contracts/NewImplementation.sol
FN:7,getVersion
FNF:1
FNH:1
FNDA:1,getVersion
DA:8,1
LF:1
LH:1
BRF:0
BRH:0
end_of_record
TN:
SF:/home/ubt/DutchAuctionDApp/v5.0/contracts/NFTDutchAuction_Upgradable.sol
FN:31,isOpenning
FN:43,initialize
FN:64,bid
FN:92,currentPrice
FN:97,finalize
FN:107,_authorizeUpgrade
FNF:6
FNH:6
FNDA:10,isOpenning
FNDA:2,initialize
FNDA:9,bid
FNDA:16,currentPrice
FNDA:4,finalize
FNDA:1,_authorizeUpgrade
DA:32,10
DA:33,9
DA:44,2
DA:45,2
DA:46,2
DA:47,2
DA:48,2
DA:52,2
DA:53,2
DA:55,2
DA:56,2
DA:58,2
DA:60,2
DA:61,2
DA:65,9
DA:69,8
DA:73,7
DA:78,6
DA:82,5
DA:87,4
DA:88,4
DA:89,4
DA:93,16
DA:94,16
DA:99,4
DA:101,4
DA:103,4
LF:27
LH:27
BRDA:32,1,0,9
BRDA:32,1,1,1
BRDA:43,2,0,2
BRDA:43,2,1,1
BRDA:64,3,0,9
BRDA:64,3,1,1
BRDA:65,4,0,8
BRDA:65,4,1,1
BRDA:69,5,0,7
BRDA:69,5,1,1
BRDA:73,6,0,6
BRDA:73,6,1,1
BRDA:78,7,0,5
BRDA:78,7,1,1
BRDA:82,8,0,4
BRDA:82,8,1,1
BRDA:107,9,0,1
BRDA:107,9,1,1
BRF:18
BRH:18
end_of_record
TN:
SF:/home/ubt/DutchAuctionDApp/v5.0/contracts/NFTMinter.sol
FN:11,constructor
FNF:1
FNH:1
FNDA:1,constructor
LF:0
LH:0
BRF:0
BRH:0
end_of_record
TN:
SF:/home/ubt/DutchAuctionDApp/v5.0/contracts/TUSDFaucet.sol
FN:8,constructor
FN:12,mint
FNF:2
FNH:2
FNDA:1,constructor
FNDA:2,mint
DA:9,1
DA:13,2
LF:2
LH:2
BRF:0
BRH:0
end_of_record
