{
"contracts/NewImplementation.sol":{"l":{"8":1},"path":"/home/ubt/DutchAuctionDApp/v4.0/contracts/NewImplementation.sol","s":{"1":1},"b":{},"f":{"1":1},"fnMap":{"1":{"name":"getVersion","line":7,"loc":{"start":{"line":7,"column":4},"end":{"line":9,"column":4}}}},"statementMap":{"1":{"start":{"line":8,"column":8},"end":{"line":8,"column":16}}},"branchMap":{}},
"contracts/NFTDutchAuction_Upgradable.sol":{"l":{"40":10,"41":9,"52":2,"53":2,"54":2,"55":2,"56":2,"60":2,"61":2,"63":2,"64":2,"66":2,"68":2,"69":2,"73":9,"77":8,"81":7,"86":6,"90":5,"99":4,"100":4,"110":4,"114":16,"115":16,"120":4,"122":4,"140":4},"path":"/home/ubt/DutchAuctionDApp/v4.0/contracts/NFTDutchAuction_Upgradable.sol","s":{"1":10,"2":2,"3":2,"4":9,"5":8,"6":7,"7":6,"8":5,"9":4,"10":4,"11":16,"12":16,"13":4,"14":4},"b":{"1":[9,1],"2":[2,1],"3":[9,1],"4":[8,1],"5":[7,1],"6":[6,1],"7":[5,1],"8":[4,1],"9":[1,1]},"f":{"1":10,"2":2,"3":9,"4":16,"5":4,"6":1},"fnMap":{"1":{"name":"isOpenning","line":39,"loc":{"start":{"line":39,"column":4},"end":{"line":42,"column":4}}},"2":{"name":"initialize","line":51,"loc":{"start":{"line":44,"column":4},"end":{"line":70,"column":4}}},"3":{"name":"bid","line":72,"loc":{"start":{"line":72,"column":4},"end":{"line":111,"column":4}}},"4":{"name":"currentPrice","line":113,"loc":{"start":{"line":113,"column":4},"end":{"line":116,"column":4}}},"5":{"name":"finalize","line":118,"loc":{"start":{"line":118,"column":4},"end":{"line":141,"column":4}}},"6":{"name":"_authorizeUpgrade","line":143,"loc":{"start":{"line":143,"column":4},"end":{"line":143,"column":69}}}},"statementMap":{"1":{"start":{"line":40,"column":8},"end":{"line":40,"column":45}},"2":{"start":{"line":68,"column":8},"end":{"line":68,"column":31}},"3":{"start":{"line":69,"column":8},"end":{"line":69,"column":23}},"4":{"start":{"line":73,"column":8},"end":{"line":73,"column":2226}},"5":{"start":{"line":77,"column":8},"end":{"line":77,"column":2346}},"6":{"start":{"line":81,"column":8},"end":{"line":81,"column":2472}},"7":{"start":{"line":86,"column":8},"end":{"line":86,"column":2601}},"8":{"start":{"line":90,"column":8},"end":{"line":90,"column":2783}},"9":{"start":{"line":100,"column":8},"end":{"line":100,"column":31}},"10":{"start":{"line":110,"column":8},"end":{"line":110,"column":21}},"11":{"start":{"line":114,"column":8},"end":{"line":114,"column":57}},"12":{"start":{"line":115,"column":8},"end":{"line":115,"column":65}},"13":{"start":{"line":122,"column":8},"end":{"line":122,"column":65}},"14":{"start":{"line":140,"column":8},"end":{"line":140,"column":70}}},"branchMap":{"1":{"line":40,"type":"if","locations":[{"start":{"line":40,"column":8},"end":{"line":40,"column":8}},{"start":{"line":40,"column":8},"end":{"line":40,"column":8}}]},"2":{"line":51,"type":"if","locations":[{"start":{"line":51,"column":13},"end":{"line":51,"column":13}},{"start":{"line":51,"column":13},"end":{"line":51,"column":13}}]},"3":{"line":72,"type":"if","locations":[{"start":{"line":72,"column":48},"end":{"line":72,"column":48}},{"start":{"line":72,"column":48},"end":{"line":72,"column":48}}]},"4":{"line":73,"type":"if","locations":[{"start":{"line":73,"column":8},"end":{"line":73,"column":8}},{"start":{"line":73,"column":8},"end":{"line":73,"column":8}}]},"5":{"line":77,"type":"if","locations":[{"start":{"line":77,"column":8},"end":{"line":77,"column":8}},{"start":{"line":77,"column":8},"end":{"line":77,"column":8}}]},"6":{"line":81,"type":"if","locations":[{"start":{"line":81,"column":8},"end":{"line":81,"column":8}},{"start":{"line":81,"column":8},"end":{"line":81,"column":8}}]},"7":{"line":86,"type":"if","locations":[{"start":{"line":86,"column":8},"end":{"line":86,"column":8}},{"start":{"line":86,"column":8},"end":{"line":86,"column":8}}]},"8":{"line":90,"type":"if","locations":[{"start":{"line":90,"column":8},"end":{"line":90,"column":8}},{"start":{"line":90,"column":8},"end":{"line":90,"column":8}}]},"9":{"line":143,"type":"if","locations":[{"start":{"line":143,"column":58},"end":{"line":143,"column":58}},{"start":{"line":143,"column":58},"end":{"line":143,"column":58}}]}}},
"contracts/NFTMinter.sol":{"l":{},"path":"/home/ubt/DutchAuctionDApp/v4.0/contracts/NFTMinter.sol","s":{},"b":{},"f":{"1":1},"fnMap":{"1":{"name":"constructor","line":11,"loc":{"start":{"line":6,"column":4},"end":{"line":12,"column":5}}}},"statementMap":{},"branchMap":{}},
"contracts/TUSDFaucet.sol":{"l":{"9":1,"13":2},"path":"/home/ubt/DutchAuctionDApp/v4.0/contracts/TUSDFaucet.sol","s":{"1":1,"2":2},"b":{},"f":{"1":1,"2":2},"fnMap":{"1":{"name":"constructor","line":8,"loc":{"start":{"line":8,"column":4},"end":{"line":10,"column":4}}},"2":{"name":"mint","line":12,"loc":{"start":{"line":12,"column":4},"end":{"line":14,"column":4}}}},"statementMap":{"1":{"start":{"line":9,"column":8},"end":{"line":9,"column":51}},"2":{"start":{"line":13,"column":8},"end":{"line":13,"column":24}}},"branchMap":{}}}
