TN:
SF:/home/ubt/DutchAuctionDApp/v4.0/contracts/NewImplementation.sol
FN:7,getVersion
FNF:1
FNH:1
FNDA:1,getVersion
DA:8,1
LF:1
LH:1
BRF:0
BRH:0
end_of_record
TN:
SF:/home/ubt/DutchAuctionDApp/v4.0/contracts/NFTDutchAuction_Upgradable.sol
FN:39,isOpenning
FN:51,initialize
FN:72,bid
FN:113,currentPrice
FN:118,finalize
FN:143,_authorizeUpgrade
FNF:6
FNH:6
FNDA:10,isOpenning
FNDA:2,initialize
FNDA:9,bid
FNDA:16,currentPrice
FNDA:4,finalize
FNDA:1,_authorizeUpgrade
DA:40,10
DA:41,9
DA:52,2
DA:53,2
DA:54,2
DA:55,2
DA:56,2
DA:60,2
DA:61,2
DA:63,2
DA:64,2
DA:66,2
DA:68,2
DA:69,2
DA:73,9
DA:77,8
DA:81,7
DA:86,6
DA:90,5
DA:99,4
DA:100,4
DA:110,4
DA:114,16
DA:115,16
DA:120,4
DA:122,4
DA:140,4
LF:27
LH:27
BRDA:40,1,0,9
BRDA:40,1,1,1
BRDA:51,2,0,2
BRDA:51,2,1,1
BRDA:72,3,0,9
BRDA:72,3,1,1
BRDA:73,4,0,8
BRDA:73,4,1,1
BRDA:77,5,0,7
BRDA:77,5,1,1
BRDA:81,6,0,6
BRDA:81,6,1,1
BRDA:86,7,0,5
BRDA:86,7,1,1
BRDA:90,8,0,4
BRDA:90,8,1,1
BRDA:143,9,0,1
BRDA:143,9,1,1
BRF:18
BRH:18
end_of_record
TN:
SF:/home/ubt/DutchAuctionDApp/v4.0/contracts/NFTMinter.sol
FN:11,constructor
FNF:1
FNH:1
FNDA:1,constructor
LF:0
LH:0
BRF:0
BRH:0
end_of_record
TN:
SF:/home/ubt/DutchAuctionDApp/v4.0/contracts/TUSDFaucet.sol
FN:8,constructor
FN:12,mint
FNF:2
FNH:2
FNDA:1,constructor
FNDA:2,mint
DA:9,1
DA:13,2
LF:2
LH:2
BRF:0
BRH:0
end_of_record
