{
"contracts/NFTDutchAuction.sol":{"l":{"20":7,"21":6,"31":2,"32":2,"33":2,"34":2,"35":2,"36":2,"37":2,"39":2,"40":2,"44":6,"45":5,"47":4,"48":4,"49":4,"53":12,"54":12,"58":4,"59":4,"61":4},"path":"/home/ubt/DutchAuctionDApp/v2.0/contracts/NFTDutchAuction.sol","s":{"1":7,"2":6,"3":5,"4":4,"5":4,"6":12,"7":12,"8":4,"9":4},"b":{"1":[6,1],"2":[6,1],"3":[5,1],"4":[4,1]},"f":{"1":7,"2":2,"3":6,"4":12,"5":4},"fnMap":{"1":{"name":"isOpenning","line":19,"loc":{"start":{"line":19,"column":4},"end":{"line":22,"column":4}}},"2":{"name":"constructor","line":24,"loc":{"start":{"line":24,"column":4},"end":{"line":41,"column":4}}},"3":{"name":"bid","line":43,"loc":{"start":{"line":43,"column":4},"end":{"line":50,"column":4}}},"4":{"name":"currentPrice","line":52,"loc":{"start":{"line":52,"column":4},"end":{"line":55,"column":4}}},"5":{"name":"finalize","line":57,"loc":{"start":{"line":57,"column":4},"end":{"line":62,"column":4}}}},"statementMap":{"1":{"start":{"line":20,"column":8},"end":{"line":20,"column":45}},"2":{"start":{"line":44,"column":8},"end":{"line":44,"column":83}},"3":{"start":{"line":45,"column":8},"end":{"line":45,"column":91}},"4":{"start":{"line":48,"column":8},"end":{"line":48,"column":31}},"5":{"start":{"line":49,"column":8},"end":{"line":49,"column":21}},"6":{"start":{"line":53,"column":8},"end":{"line":53,"column":57}},"7":{"start":{"line":54,"column":8},"end":{"line":54,"column":65}},"8":{"start":{"line":59,"column":8},"end":{"line":59,"column":41}},"9":{"start":{"line":61,"column":8},"end":{"line":61,"column":70}}},"branchMap":{"1":{"line":20,"type":"if","locations":[{"start":{"line":20,"column":8},"end":{"line":20,"column":8}},{"start":{"line":20,"column":8},"end":{"line":20,"column":8}}]},"2":{"line":43,"type":"if","locations":[{"start":{"line":43,"column":34},"end":{"line":43,"column":34}},{"start":{"line":43,"column":34},"end":{"line":43,"column":34}}]},"3":{"line":44,"type":"if","locations":[{"start":{"line":44,"column":8},"end":{"line":44,"column":8}},{"start":{"line":44,"column":8},"end":{"line":44,"column":8}}]},"4":{"line":45,"type":"if","locations":[{"start":{"line":45,"column":8},"end":{"line":45,"column":8}},{"start":{"line":45,"column":8},"end":{"line":45,"column":8}}]}}},
"contracts/NFTMinter.sol":{"l":{},"path":"/home/ubt/DutchAuctionDApp/v2.0/contracts/NFTMinter.sol","s":{},"b":{},"f":{"1":1},"fnMap":{"1":{"name":"constructor","line":6,"loc":{"start":{"line":6,"column":4},"end":{"line":8,"column":4}}}},"statementMap":{},"branchMap":{}}}
