TN:
SF:/home/ubt/DutchAuctionDApp/v2.0/contracts/NFTDutchAuction.sol
FN:19,isOpenning
FN:24,constructor
FN:43,bid
FN:52,currentPrice
FN:57,finalize
FNF:5
FNH:5
FNDA:7,isOpenning
FNDA:2,constructor
FNDA:6,bid
FNDA:12,currentPrice
FNDA:4,finalize
DA:20,7
DA:21,6
DA:31,2
DA:32,2
DA:33,2
DA:34,2
DA:35,2
DA:36,2
DA:37,2
DA:39,2
DA:40,2
DA:44,6
DA:45,5
DA:47,4
DA:48,4
DA:49,4
DA:53,12
DA:54,12
DA:58,4
DA:59,4
DA:61,4
LF:21
LH:21
BRDA:20,1,0,6
BRDA:20,1,1,1
BRDA:43,2,0,6
BRDA:43,2,1,1
BRDA:44,3,0,5
BRDA:44,3,1,1
BRDA:45,4,0,4
BRDA:45,4,1,1
BRF:8
BRH:8
end_of_record
TN:
SF:/home/ubt/DutchAuctionDApp/v2.0/contracts/NFTMinter.sol
FN:6,constructor
FNF:1
FNH:1
FNDA:1,constructor
LF:0
LH:0
BRF:0
BRH:0
end_of_record
